<?xml version="1.0" encoding="UTF-8"?>
<!-- Generated by org.testng.reporters.JUnitReportReporter -->
<testsuite hostname="LAPTOP-IEU1L1QN" failures="0" tests="1" name="day1.BootstrapLogin" time="8.555" errors="0" timestamp="2021-12-14T12:51:19 IST" skipped="0">
  <testcase classname="day1.BootstrapLogin" name="MultipleWindows" time="8.555"/>
  <system-out/>
</testsuite> <!-- day1.BootstrapLogin -->
