<?xml version="1.0" encoding="UTF-8"?>
<!-- Generated by org.testng.reporters.JUnitReportReporter -->
<testsuite hostname="LAPTOP-IEU1L1QN" failures="0" tests="1" name="day1.DynamicDropDown" time="12.625" errors="0" timestamp="2021-12-13T13:50:40 IST" skipped="0">
  <testcase classname="day1.DynamicDropDown" name="selectDDvalues" time="12.625"/>
  <system-out/>
</testsuite> <!-- day1.DynamicDropDown -->
