<?xml version="1.0" encoding="UTF-8"?>
<!-- Generated by org.testng.reporters.JUnitReportReporter -->
<testsuite hostname="LAPTOP-IEU1L1QN" failures="0" tests="1" name="day1.Alert" time="15.327" errors="0" timestamp="2021-12-13T20:08:08 IST" skipped="0">
  <testcase classname="day1.Alert" name="Alert" time="15.327"/>
  <system-out/>
</testsuite> <!-- day1.Alert -->
