<?xml version="1.0" encoding="UTF-8"?>
<!-- Generated by org.testng.reporters.JUnitReportReporter -->
<testsuite hostname="LAPTOP-IEU1L1QN" failures="0" tests="1" name="day1.VerfiyPageTitle" time="5.181" errors="0" timestamp="2021-12-13T17:22:30 IST" skipped="0">
  <testcase classname="day1.VerfiyPageTitle" name="selectDDvalues" time="5.181"/>
  <system-out/>
</testsuite> <!-- day1.VerfiyPageTitle -->
