<?xml version="1.0" encoding="UTF-8"?>
<!-- Generated by org.testng.reporters.JUnitReportReporter -->
<testsuite hostname="LAPTOP-IEU1L1QN" failures="0" tests="1" name="day1.BootstrapDD" time="11.135" errors="0" timestamp="2021-12-13T16:03:48 IST" skipped="0">
  <testcase classname="day1.BootstrapDD" name="selectDDvalues" time="11.135"/>
  <system-out/>
</testsuite> <!-- day1.BootstrapDD -->
