<?xml version="1.0" encoding="UTF-8"?>
<!-- Generated by org.testng.reporters.JUnitReportReporter -->
<testsuite hostname="LAPTOP-IEU1L1QN" failures="0" tests="1" name="day1.Iframe" time="18.330" errors="0" timestamp="2021-12-14T11:41:58 IST" skipped="0">
  <testcase classname="day1.Iframe" name="Iframe" time="18.330"/>
  <system-out/>
</testsuite> <!-- day1.Iframe -->
