<?xml version="1.0" encoding="UTF-8"?>
<!-- Generated by org.testng.reporters.JUnitReportReporter -->
<testsuite hostname="LAPTOP-IEU1L1QN" failures="0" tests="1" name="day1.Screenshot" time="3.927" errors="0" timestamp="2021-12-13T18:59:41 IST" skipped="0">
  <testcase classname="day1.Screenshot" name="screenshot" time="3.927"/>
  <system-out/>
</testsuite> <!-- day1.Screenshot -->
