<?xml version="1.0" encoding="UTF-8"?>
<!-- Generated by org.testng.reporters.JUnitReportReporter -->
<testsuite hostname="LAPTOP-IEU1L1QN" failures="0" tests="1" name="day1.PageLoadTimeout" time="8.459" errors="0" timestamp="2021-12-14T13:06:54 IST" skipped="0">
  <testcase classname="day1.PageLoadTimeout" name="PageLoadTimeout" time="8.459"/>
  <system-out/>
</testsuite> <!-- day1.PageLoadTimeout -->
