<?xml version="1.0" encoding="UTF-8"?>
<!-- Generated by org.testng.reporters.JUnitReportReporter -->
<testsuite hostname="LAPTOP-IEU1L1QN" failures="0" tests="1" name="day1.DynamicDDCount" time="7.993" errors="0" timestamp="2021-12-13T14:00:51 IST" skipped="0">
  <testcase classname="day1.DynamicDDCount" name="selectDDvalues" time="7.993"/>
  <system-out/>
</testsuite> <!-- day1.DynamicDDCount -->
