<?xml version="1.0" encoding="UTF-8"?>
<!-- Generated by org.testng.reporters.JUnitReportReporter -->
<testsuite hostname="LAPTOP-IEU1L1QN" failures="0" tests="1" name="day1.MultipleWindows" time="19.388" errors="0" timestamp="2021-12-14T12:12:00 IST" skipped="0">
  <testcase classname="day1.MultipleWindows" name="MultipleWindows" time="19.388"/>
  <system-out/>
</testsuite> <!-- day1.MultipleWindows -->
