<?xml version="1.0" encoding="UTF-8"?>
<!-- Generated by org.testng.reporters.JUnitReportReporter -->
<testsuite hostname="LAPTOP-IEU1L1QN" failures="0" tests="1" name="day1.VerifyDD" time="6.539" errors="0" timestamp="2021-12-13T15:30:33 IST" skipped="0">
  <testcase classname="day1.VerifyDD" name="selectDDvalues" time="6.539"/>
  <system-out/>
</testsuite> <!-- day1.VerifyDD -->
